{
  "RSpec": {
    "coverage": {
      "/Users/padawan/newtask/vision/app/models/user.rb": [
        null,
        1,
        null,
        null,
        1,
        null,
        1,
        1,
        null,
        1,
        1,
        1,
        1,
        1,
        null,
        1,
        null,
        1,
        3,
        null,
        null,
        1,
        2,
        null,
        null,
        1,
        0,
        0,
        0,
        0,
        0,
        null,
        null,
        null,
        1,
        0,
        null,
        null,
        null
      ],
      "/Users/padawan/newtask/vision/app/helpers/application_helper.rb": [
        1,
        1,
        0,
        null,
        1,
        0,
        null,
        1,
        0,
        null,
        1,
        0,
        null,
        1,
        0,
        null,
        1,
        0,
        null,
        1,
        0,
        null,
        1,
        0,
        null,
        1,
        0,
        null,
        null
      ],
      "/Users/padawan/newtask/vision/app/helpers/cabs_helper.rb": [
        1,
        null
      ],
      "/Users/padawan/newtask/vision/app/helpers/change_request_statuses_helper.rb": [
        1,
        null
      ],
      "/Users/padawan/newtask/vision/app/helpers/change_requests_helper.rb": [
        1,
        1,
        0,
        null,
        null,
        0,
        null,
        null
      ],
      "/Users/padawan/newtask/vision/app/helpers/comments_helper.rb": [
        1,
        null
      ],
      "/Users/padawan/newtask/vision/app/helpers/configs_helper.rb": [
        1,
        null
      ],
      "/Users/padawan/newtask/vision/app/helpers/implementers_helper.rb": [
        1,
        null
      ],
      "/Users/padawan/newtask/vision/app/helpers/incident_reports_helper.rb": [
        1,
        1,
        0,
        0,
        null,
        null,
        1,
        0,
        null,
        null,
        0,
        null,
        null,
        null
      ],
      "/Users/padawan/newtask/vision/app/helpers/pages_helper.rb": [
        1,
        null
      ],
      "/Users/padawan/newtask/vision/app/helpers/testers_helper.rb": [
        1,
        null
      ],
      "/Users/padawan/newtask/vision/app/helpers/users_helper.rb": [
        1,
        1,
        0,
        null,
        null
      ],
      "/Users/padawan/newtask/vision/app/controllers/cabs_controller.rb": [
        1,
        1,
        null,
        1,
        0,
        0,
        null,
        null,
        1,
        0,
        0,
        null,
        null,
        1,
        0,
        0,
        0,
        0,
        0,
        null,
        0,
        0,
        null,
        null,
        null,
        1,
        0,
        0,
        null,
        null,
        1,
        0,
        0,
        null,
        null,
        1,
        0,
        0,
        0,
        0,
        0,
        0,
        null,
        0,
        0,
        0,
        null,
        null,
        null,
        1,
        0,
        null,
        null,
        1,
        null,
        1,
        0,
        null,
        null,
        1,
        0,
        null,
        null,
        null
      ],
      "/Users/padawan/newtask/vision/app/controllers/application_controller.rb": [
        null,
        1,
        null,
        null,
        1,
        null,
        1,
        1,
        null,
        null,
        1,
        0,
        null,
        null,
        1,
        0,
        null,
        null
      ],
      "/Users/padawan/newtask/vision/app/controllers/change_request_statuses_controller.rb": [
        1,
        1,
        1,
        1,
        0,
        0,
        0,
        0,
        0,
        0,
        null,
        null,
        0,
        null,
        null,
        1,
        0,
        0,
        0,
        0,
        0,
        0,
        null,
        null,
        0,
        null,
        null,
        1,
        0,
        0,
        0,
        0,
        0,
        0,
        null,
        null,
        0,
        null,
        null,
        1,
        0,
        0,
        0,
        0,
        0,
        0,
        null,
        null,
        0,
        null,
        null,
        1,
        0,
        0,
        0,
        0,
        0,
        0,
        null,
        null,
        0,
        null,
        null,
        1,
        0,
        0,
        0,
        0,
        0,
        0,
        null,
        null,
        0,
        null,
        null,
        1,
        0,
        0,
        0,
        0,
        0,
        0,
        null,
        null,
        0,
        null,
        null,
        1,
        null,
        1,
        0,
        null,
        null,
        1,
        0,
        null,
        null,
        1,
        0,
        null,
        null
      ],
      "/Users/padawan/newtask/vision/app/mailers/user_mailer.rb": [
        1,
        1,
        null,
        1,
        0,
        0,
        0,
        0,
        0,
        0,
        0,
        0,
        0,
        null,
        0,
        null,
        0,
        null,
        null,
        null,
        null
      ],
      "/Users/padawan/newtask/vision/app/mailers/application_mailer.rb": [
        1,
        1,
        1,
        null
      ],
      "/Users/padawan/newtask/vision/app/models/cab.rb": [
        1,
        1,
        1,
        null
      ],
      "/Users/padawan/newtask/vision/app/models/change_request.rb": [
        1,
        1,
        1,
        1,
        1,
        1,
        1,
        1,
        1,
        1,
        1,
        1,
        1,
        1,
        null,
        null,
        null,
        1,
        1,
        1,
        null,
        1,
        1,
        1,
        1,
        1,
        1,
        1,
        1,
        1,
        1,
        null,
        1,
        1,
        null,
        1,
        1,
        null,
        1,
        1,
        null,
        1,
        1,
        null,
        1,
        1,
        null,
        1,
        1,
        null,
        null,
        1,
        0,
        null,
        1,
        0,
        null,
        null,
        null
      ],
      "/Users/padawan/newtask/vision/app/models/change_request_status.rb": [
        1,
        1,
        1,
        null,
        1,
        null,
        1,
        0,
        null,
        null,
        null
      ],
      "/Users/padawan/newtask/vision/app/models/incident_report.rb": [
        null,
        1,
        1,
        1,
        null,
        1,
        1,
        1,
        1,
        1,
        null,
        null,
        null,
        1,
        null,
        null,
        1,
        null,
        1,
        null,
        1,
        null,
        1,
        null,
        1,
        0,
        null,
        null
      ]
    },
    "timestamp": 1436932334
  }
}
